<?xml version="1.0" encoding="UTF-8"?>
<!-- Generated by org.testng.reporters.JUnitXMLReporter -->
<testsuite hostname="Rodions-MacBook-Pro.local" ignored="0" name="Nopackage" tests="3" failures="2" timestamp="18 Sep 2017 11:45:31 GMT" time="106.211" errors="0">
  <testcase name="testCreateAddress" time="24.772" classname="TestOOP.TestTestNG"/>
  <testcase name="testRemoveAddress" time="34.434" classname="TestOOP.TestTestNG">
    <failure type="org.openqa.selenium.NoSuchElementException" message="Unable to locate element: html/body/main/div[3]/div[2]/div[2]/div/div[1]/div/div/a[2]
For documentation on this error, please visit: http://seleniumhq.org/exceptions/no_such_element.html
Build info: version: &amp;apos;3.5.2&amp;apos;, revision: &amp;apos;10229a9&amp;apos;, time: &amp;apos;2017-08-21T17:29:55.15Z&amp;apos;
System info: host: &amp;apos;Rodions-MacBook-Pro.local&amp;apos;, ip: &amp;apos;fe80:0:0:0:14a9:bbbc:a988:69d8%en0&amp;apos;, os.name: &amp;apos;Mac OS X&amp;apos;, os.arch: &amp;apos;x86_64&amp;apos;, os.version: &amp;apos;10.12.6&amp;apos;, java.version: &amp;apos;1.8.0_111&amp;apos;
Driver info: org.openqa.selenium.firefox.FirefoxDriver
Capabilities [{moz:profile=/var/folders/_q/_7d1f_ys5hg5_f_jfs3jqgdm0000gn/T/rust_mozprofile.kmMJGjRvoZ1U, rotatable=false, timeouts={implicit=0, pageLoad=300000, script=30000}, pageLoadStrategy=normal, platform=ANY, specificationLevel=0, moz:accessibilityChecks=false, acceptInsecureCerts=true, browserVersion=55.0.3, platformVersion=16.7.0, moz:processID=1644, browserName=firefox, javascriptEnabled=true, platformName=darwin}]
Session ID: 56d3f7de-3d3d-1340-9c48-3662a7317da2
*** Element info: {Using=xpath, value=html/body/main/div[3]/div[2]/div[2]/div/div[1]/div/div/a[2]}">
      <![CDATA[org.openqa.selenium.NoSuchElementException: Unable to locate element: html/body/main/div[3]/div[2]/div[2]/div/div[1]/div/div/a[2]
For documentation on this error, please visit: http://seleniumhq.org/exceptions/no_such_element.html
Build info: version: '3.5.2', revision: '10229a9', time: '2017-08-21T17:29:55.15Z'
System info: host: 'Rodions-MacBook-Pro.local', ip: 'fe80:0:0:0:14a9:bbbc:a988:69d8%en0', os.name: 'Mac OS X', os.arch: 'x86_64', os.version: '10.12.6', java.version: '1.8.0_111'
Driver info: org.openqa.selenium.firefox.FirefoxDriver
Capabilities [{moz:profile=/var/folders/_q/_7d1f_ys5hg5_f_jfs3jqgdm0000gn/T/rust_mozprofile.kmMJGjRvoZ1U, rotatable=false, timeouts={implicit=0, pageLoad=300000, script=30000}, pageLoadStrategy=normal, platform=ANY, specificationLevel=0, moz:accessibilityChecks=false, acceptInsecureCerts=true, browserVersion=55.0.3, platformVersion=16.7.0, moz:processID=1644, browserName=firefox, javascriptEnabled=true, platformName=darwin}]
Session ID: 56d3f7de-3d3d-1340-9c48-3662a7317da2
*** Element info: {Using=xpath, value=html/body/main/div[3]/div[2]/div[2]/div/div[1]/div/div/a[2]}
	at org.openqa.selenium.remote.http.W3CHttpResponseCodec.createException(W3CHttpResponseCodec.java:185)
	at org.openqa.selenium.remote.http.W3CHttpResponseCodec.decode(W3CHttpResponseCodec.java:120)
	at org.openqa.selenium.remote.http.W3CHttpResponseCodec.decode(W3CHttpResponseCodec.java:49)
	at org.openqa.selenium.remote.HttpCommandExecutor.execute(HttpCommandExecutor.java:164)
	at org.openqa.selenium.remote.service.DriverCommandExecutor.execute(DriverCommandExecutor.java:82)
	at org.openqa.selenium.remote.RemoteWebDriver.execute(RemoteWebDriver.java:641)
	at org.openqa.selenium.remote.RemoteWebDriver.findElement(RemoteWebDriver.java:414)
	at org.openqa.selenium.remote.RemoteWebDriver.findElementByXPath(RemoteWebDriver.java:513)
	at org.openqa.selenium.By$ByXPath.findElement(By.java:361)
	at org.openqa.selenium.remote.RemoteWebDriver.findElement(RemoteWebDriver.java:406)
	at Pages.AddressPage.removeAddress(AddressPage.java:26)
	at TestOOP.TestTestNG.testRemoveAddress(TestTestNG.java:76)
... Removed 32 stack frames]]>
    </failure>
  </testcase> <!-- testRemoveAddress -->
  <testcase name="testUpdateAddress" time="34.574" classname="TestOOP.TestTestNG">
    <failure type="org.openqa.selenium.TimeoutException" message="Timeout loading page after 20000ms
Build info: version: &amp;apos;3.5.2&amp;apos;, revision: &amp;apos;10229a9&amp;apos;, time: &amp;apos;2017-08-21T17:29:55.15Z&amp;apos;
System info: host: &amp;apos;Rodions-MacBook-Pro.local&amp;apos;, ip: &amp;apos;fe80:0:0:0:14a9:bbbc:a988:69d8%en0&amp;apos;, os.name: &amp;apos;Mac OS X&amp;apos;, os.arch: &amp;apos;x86_64&amp;apos;, os.version: &amp;apos;10.12.6&amp;apos;, java.version: &amp;apos;1.8.0_111&amp;apos;
Driver info: org.openqa.selenium.firefox.FirefoxDriver
Capabilities [{moz:profile=/var/folders/_q/_7d1f_ys5hg5_f_jfs3jqgdm0000gn/T/rust_mozprofile.EEAIffLEMGXu, rotatable=false, timeouts={implicit=0, pageLoad=300000, script=30000}, pageLoadStrategy=normal, platform=ANY, specificationLevel=0, moz:accessibilityChecks=false, acceptInsecureCerts=true, browserVersion=55.0.3, platformVersion=16.7.0, moz:processID=1649, browserName=firefox, javascriptEnabled=true, platformName=darwin}]
Session ID: c13fb57b-6166-054e-8b57-df505910b3cf">
      <![CDATA[org.openqa.selenium.TimeoutException: Timeout loading page after 20000ms
Build info: version: '3.5.2', revision: '10229a9', time: '2017-08-21T17:29:55.15Z'
System info: host: 'Rodions-MacBook-Pro.local', ip: 'fe80:0:0:0:14a9:bbbc:a988:69d8%en0', os.name: 'Mac OS X', os.arch: 'x86_64', os.version: '10.12.6', java.version: '1.8.0_111'
Driver info: org.openqa.selenium.firefox.FirefoxDriver
Capabilities [{moz:profile=/var/folders/_q/_7d1f_ys5hg5_f_jfs3jqgdm0000gn/T/rust_mozprofile.EEAIffLEMGXu, rotatable=false, timeouts={implicit=0, pageLoad=300000, script=30000}, pageLoadStrategy=normal, platform=ANY, specificationLevel=0, moz:accessibilityChecks=false, acceptInsecureCerts=true, browserVersion=55.0.3, platformVersion=16.7.0, moz:processID=1649, browserName=firefox, javascriptEnabled=true, platformName=darwin}]
Session ID: c13fb57b-6166-054e-8b57-df505910b3cf
	at org.openqa.selenium.remote.http.W3CHttpResponseCodec.createException(W3CHttpResponseCodec.java:185)
	at org.openqa.selenium.remote.http.W3CHttpResponseCodec.decode(W3CHttpResponseCodec.java:120)
	at org.openqa.selenium.remote.http.W3CHttpResponseCodec.decode(W3CHttpResponseCodec.java:49)
	at org.openqa.selenium.remote.HttpCommandExecutor.execute(HttpCommandExecutor.java:164)
	at org.openqa.selenium.remote.service.DriverCommandExecutor.execute(DriverCommandExecutor.java:82)
	at org.openqa.selenium.remote.RemoteWebDriver.execute(RemoteWebDriver.java:641)
	at org.openqa.selenium.remote.RemoteWebElement.execute(RemoteWebElement.java:275)
	at org.openqa.selenium.remote.RemoteWebElement.click(RemoteWebElement.java:82)
	at Pages.AddressPage.clickUpdateAddressFirstInAList(AddressPage.java:21)
	at TestOOP.TestTestNG.testUpdateAddress(TestTestNG.java:66)
... Removed 32 stack frames]]>
    </failure>
  </testcase> <!-- testUpdateAddress -->
</testsuite> <!-- Nopackage -->
